<?xml version="1.0" encoding="UTF-8"?>
<testng-results ignored="0" total="0" passed="0" failed="0" skipped="0">
  <reporter-output>
  </reporter-output>
  <suite started-at="2022-08-03T16:11:28 GMT-04:00" name="Suite" finished-at="2022-08-03T16:11:28 GMT-04:00" duration-ms="15">
    <groups>
    </groups>
    <test started-at="2022-08-03T16:11:28 GMT-04:00" name="Test" finished-at="2022-08-03T16:11:28 GMT-04:00" duration-ms="15">
      <class name="com.ob.tests.CreatingMultipleUser">
        <test-method is-config="true" signature="initializeReport()[pri:0, instance:com.ob.tests.CreatingMultipleUser@12aba8be]" started-at="2022-08-03T16:11:28 GMT-04:00" name="initializeReport" finished-at="2022-08-03T16:11:28 GMT-04:00" duration-ms="181" status="PASS">
          <reporter-output>
          </reporter-output>
        </test-method> <!-- initializeReport -->
        <test-method is-config="true" signature="closeReport()[pri:0, instance:com.ob.tests.CreatingMultipleUser@12aba8be]" started-at="2022-08-03T16:11:28 GMT-04:00" name="closeReport" finished-at="2022-08-03T16:11:28 GMT-04:00" duration-ms="170" status="PASS">
          <reporter-output>
          </reporter-output>
        </test-method> <!-- closeReport -->
      </class> <!-- com.ob.tests.CreatingMultipleUser -->
    </test> <!-- Test -->
  </suite> <!-- Suite -->
</testng-results>
