<?xml version="1.0" encoding="UTF-8"?>
<testng-results ignored="0" total="1" passed="1" failed="0" skipped="0">
  <reporter-output>
  </reporter-output>
  <suite started-at="2022-07-24T12:21:28 GMT-04:00" name="Suite" finished-at="2022-07-24T12:22:25 GMT-04:00" duration-ms="56878">
    <groups>
    </groups>
    <test started-at="2022-07-24T12:21:28 GMT-04:00" name="Test" finished-at="2022-07-24T12:22:25 GMT-04:00" duration-ms="56878">
      <class name="com.ob.tests.deposits">
        <test-method is-config="true" signature="initializeReport()[pri:0, instance:com.ob.tests.deposits@428640fa]" started-at="2022-07-24T12:21:28 GMT-04:00" name="initializeReport" finished-at="2022-07-24T12:21:28 GMT-04:00" duration-ms="436" status="PASS">
          <reporter-output>
          </reporter-output>
        </test-method> <!-- initializeReport -->
        <test-method is-config="true" signature="launchApp(java.lang.String,java.lang.reflect.Method,org.testng.ITestContext)[pri:0, instance:com.ob.tests.deposits@428640fa]" started-at="2022-07-24T12:21:28 GMT-04:00" name="launchApp" finished-at="2022-07-24T12:21:38 GMT-04:00" duration-ms="9738" status="PASS">
          <params>
            <param index="0">
              <value>
                <![CDATA[Chrome]]>
              </value>
            </param>
            <param index="1">
              <value>
                <![CDATA[public void com.ob.tests.deposits.admindeposit1() throws java.io.IOException,java.lang.InterruptedException]]>
              </value>
            </param>
            <param index="2">
              <value>
                <![CDATA[org.testng.TestRunner@1507c3c3]]>
              </value>
            </param>
          </params>
          <reporter-output>
          </reporter-output>
        </test-method> <!-- launchApp -->
        <test-method signature="admindeposit1()[pri:0, instance:com.ob.tests.deposits@428640fa]" started-at="2022-07-24T12:21:38 GMT-04:00" name="admindeposit1" finished-at="2022-07-24T12:22:25 GMT-04:00" duration-ms="47062" status="PASS">
          <reporter-output>
          </reporter-output>
        </test-method> <!-- admindeposit1 -->
        <test-method is-config="true" signature="closeBrowser()[pri:0, instance:com.ob.tests.deposits@428640fa]" started-at="2022-07-24T12:22:25 GMT-04:00" name="closeBrowser" finished-at="2022-07-24T12:22:25 GMT-04:00" duration-ms="2" status="PASS">
          <reporter-output>
          </reporter-output>
        </test-method> <!-- closeBrowser -->
        <test-method is-config="true" signature="closeReport()[pri:0, instance:com.ob.tests.deposits@428640fa]" started-at="2022-07-24T12:22:25 GMT-04:00" name="closeReport" finished-at="2022-07-24T12:22:25 GMT-04:00" duration-ms="288" status="PASS">
          <reporter-output>
          </reporter-output>
        </test-method> <!-- closeReport -->
      </class> <!-- com.ob.tests.deposits -->
    </test> <!-- Test -->
  </suite> <!-- Suite -->
</testng-results>
